[16:42:23] [main/INFO] (FabricLoader/GameProvider) Loading Minecraft 1.21.1 with Fabric Loader 0.15.11
[16:42:23] [main/INFO] (FabricLoader) Loading 56 mods:
	- fabric-api 0.102.1+1.21.1
	- fabric-api-base 0.4.42+6573ed8c6a
	- fabric-api-lookup-api-v1 1.6.68+b55973446a
	- fabric-biome-api-v1 13.0.29+5bd9f1bc6a
	- fabric-block-api-v1 1.0.22+0af3f5a76a
	- fabric-block-view-api-v2 1.0.10+6573ed8c6a
	- fabric-blockrenderlayer-v1 1.1.52+0af3f5a76a
	- fabric-client-tags-api-v1 1.1.15+6573ed8c6a
	- fabric-command-api-v1 1.2.49+f71b366f6a
	- fabric-command-api-v2 2.2.28+6ced4dd96a
	- fabric-commands-v0 0.2.66+df3654b36a
	- fabric-content-registries-v0 8.0.16+b55973446a
	- fabric-convention-tags-v1 2.0.20+7f945d5b6a
	- fabric-convention-tags-v2 2.6.0+605f22ad6a
	- fabric-crash-report-info-v1 0.2.29+0af3f5a76a
	- fabric-data-attachment-api-v1 1.1.27+1daea2156a
	- fabric-data-generation-api-v1 20.2.17+16c4ae256a
	- fabric-dimensions-v1 4.0.0+6fc22b996a
	- fabric-entity-events-v1 1.6.12+6fc22b996a
	- fabric-events-interaction-v0 0.7.12+ba9dae066a
	- fabric-game-rule-api-v1 1.0.53+6ced4dd96a
	- fabric-gametest-api-v1 2.0.4+6fc22b996a
	- fabric-item-api-v1 11.0.0+afdfc9216a
	- fabric-item-group-api-v1 4.1.4+780172706a
	- fabric-key-binding-api-v1 1.0.47+0af3f5a76a
	- fabric-keybindings-v0 0.2.45+df3654b36a
	- fabric-lifecycle-events-v1 2.3.12+6c1df3606a
	- fabric-loot-api-v2 3.0.14+3f89f5a56a
	- fabric-loot-api-v3 1.0.2+3f89f5a56a
	- fabric-message-api-v1 6.0.13+6573ed8c6a
	- fabric-model-loading-api-v1 2.0.0+fe474d6b6a
	- fabric-networking-api-v1 4.2.2+60c3209b6a
	- fabric-object-builder-api-v1 15.2.0+40875a936a
	- fabric-particles-v1 4.0.2+6573ed8c6a
	- fabric-recipe-api-v1 5.0.12+650897126a
	- fabric-registry-sync-v0 5.1.2+60c3209b6a
	- fabric-renderer-api-v1 3.4.0+c705a49c6a
	- fabric-renderer-indigo 1.7.0+c705a49c6a
	- fabric-renderer-registries-v1 3.2.68+df3654b36a
	- fabric-rendering-data-attachment-v1 0.3.48+73761d2e6a
	- fabric-rendering-fluids-v1 3.1.6+1daea2156a
	- fabric-rendering-v0 1.1.71+df3654b36a
	- fabric-rendering-v1 5.0.5+df16efd06a
	- fabric-resource-conditions-api-v1 4.3.0+8dc279b16a
	- fabric-resource-loader-v0 1.3.0+565991296a
	- fabric-screen-api-v1 2.0.25+8b68f1c76a
	- fabric-screen-handler-api-v1 1.3.86+b55973446a
	- fabric-sound-api-v1 1.0.23+6573ed8c6a
	- fabric-transfer-api-v1 5.1.17+1db1cc1f6a
	- fabric-transitive-access-wideners-v1 6.1.0+1daea2156a
	- fabricloader 0.15.11
	- java 22
	- minecraft 1.21.1
	- mixinextras 0.3.5
	- modmenu 11.0.2
	- whackingstick 1.0.0
[16:42:24] [main/INFO] (FabricLoader/Mixin) SpongePowered MIXIN Subsystem Version=0.8.5 Source=file:/C:/Users/neele/.gradle/caches/modules-2/files-2.1/net.fabricmc/sponge-mixin/0.13.3+mixin.0.8.5/9527e6b0d2449408958fd1302594dc65ec5ade9c/sponge-mixin-0.13.3+mixin.0.8.5.jar Service=Knot/Fabric Env=CLIENT
[16:42:24] [main/INFO] (FabricLoader/Mixin) Loaded Fabric development mappings for mixin remapper!
[16:42:24] [main/INFO] (FabricLoader/Mixin) Compatibility level set to JAVA_17
[16:42:24] [main/INFO] (FabricLoader/Mixin) Compatibility level set to JAVA_21
[16:42:27] [main/INFO] (FabricLoader/MixinExtras|Service) Initializing MixinExtras via com.llamalad7.mixinextras.service.MixinExtrasServiceImpl(version=0.3.5).
[16:42:32] [Datafixer Bootstrap/INFO] (Minecraft) 226 Datafixer optimizations took 1298 milliseconds
[16:42:54] [Render thread/INFO] (Minecraft) Environment: Environment[sessionHost=https://sessionserver.mojang.com, servicesHost=https://api.minecraftservices.com, name=PROD]
[16:42:54] [Render thread/INFO] (Minecraft) Setting user: Player913
[16:42:54] [Render thread/INFO] (whackingstick) Registering Whacking Stick item for whackingstick
[16:42:56] [Render thread/INFO] (Indigo) [Indigo] Registering Indigo renderer!
[16:42:56] [Render thread/INFO] (Mod Menu/Update Checker) Checking mod updates...
[16:42:57] [ModMenu/Update Checker/Fabric Loader/INFO] (Mod Menu/Update Checker) Update available for 'fabricloader@0.15.11'
[16:42:58] [Render thread/INFO] (Minecraft) Backend library: LWJGL version 3.3.3-snapshot
[16:43:03] [Render thread/INFO] (Minecraft) Reloading ResourceManager: vanilla, fabric, fabric-api, fabric-api-base, fabric-api-lookup-api-v1, fabric-biome-api-v1, fabric-block-api-v1, fabric-block-view-api-v2, fabric-blockrenderlayer-v1, fabric-client-tags-api-v1, fabric-command-api-v1, fabric-command-api-v2, fabric-commands-v0, fabric-content-registries-v0, fabric-convention-tags-v1, fabric-convention-tags-v2, fabric-crash-report-info-v1, fabric-data-attachment-api-v1, fabric-data-generation-api-v1, fabric-dimensions-v1, fabric-entity-events-v1, fabric-events-interaction-v0, fabric-game-rule-api-v1, fabric-gametest-api-v1, fabric-item-api-v1, fabric-item-group-api-v1, fabric-key-binding-api-v1, fabric-keybindings-v0, fabric-lifecycle-events-v1, fabric-loot-api-v2, fabric-loot-api-v3, fabric-message-api-v1, fabric-model-loading-api-v1, fabric-networking-api-v1, fabric-object-builder-api-v1, fabric-particles-v1, fabric-recipe-api-v1, fabric-registry-sync-v0, fabric-renderer-api-v1, fabric-renderer-indigo, fabric-renderer-registries-v1, fabric-rendering-data-attachment-v1, fabric-rendering-fluids-v1, fabric-rendering-v0, fabric-rendering-v1, fabric-resource-conditions-api-v1, fabric-resource-loader-v0, fabric-screen-api-v1, fabric-screen-handler-api-v1, fabric-sound-api-v1, fabric-transfer-api-v1, fabric-transitive-access-wideners-v1, fabricloader, modmenu, whackingstick
[16:43:04] [Worker-Main-2/INFO] (Minecraft) Found unifont_all_no_pua-15.1.05.hex, loading
[16:43:04] [Worker-Main-9/INFO] (Minecraft) Found unifont_jp_patch-15.1.05.hex, loading
[16:43:06] [Render thread/WARN] (Minecraft) Missing sound for event: minecraft:item.goat_horn.play
[16:43:06] [Render thread/WARN] (Minecraft) Missing sound for event: minecraft:entity.goat.screaming.horn_break
[16:43:08] [Render thread/INFO] (Minecraft) OpenAL initialized on device OpenAL Soft on Speaker (Realtek(R) Audio)
[16:43:08] [Render thread/INFO] (Minecraft) Sound engine started
[16:43:08] [Render thread/INFO] (Minecraft) Created: 1024x512x4 minecraft:textures/atlas/blocks.png-atlas
[16:43:09] [Render thread/INFO] (Minecraft) Created: 256x256x4 minecraft:textures/atlas/signs.png-atlas
[16:43:09] [Render thread/INFO] (Minecraft) Created: 512x512x4 minecraft:textures/atlas/shield_patterns.png-atlas
[16:43:09] [Render thread/INFO] (Minecraft) Created: 512x512x4 minecraft:textures/atlas/banner_patterns.png-atlas
[16:43:09] [Render thread/INFO] (Minecraft) Created: 1024x1024x4 minecraft:textures/atlas/armor_trims.png-atlas
[16:43:09] [Render thread/INFO] (Minecraft) Created: 128x64x4 minecraft:textures/atlas/decorated_pot.png-atlas
[16:43:09] [Render thread/INFO] (Minecraft) Created: 256x256x4 minecraft:textures/atlas/chest.png-atlas
[16:43:09] [Render thread/INFO] (Minecraft) Created: 512x256x4 minecraft:textures/atlas/shulker_boxes.png-atlas
[16:43:09] [Render thread/INFO] (Minecraft) Created: 512x256x4 minecraft:textures/atlas/beds.png-atlas
[16:43:10] [Render thread/INFO] (Minecraft) Created: 512x256x0 minecraft:textures/atlas/particles.png-atlas
[16:43:10] [Render thread/INFO] (Minecraft) Created: 512x256x0 minecraft:textures/atlas/paintings.png-atlas
[16:43:10] [Render thread/INFO] (Minecraft) Created: 256x128x0 minecraft:textures/atlas/mob_effects.png-atlas
[16:43:10] [Render thread/INFO] (Minecraft) Created: 64x64x0 minecraft:textures/atlas/map_decorations.png-atlas
[16:43:10] [Render thread/INFO] (Minecraft) Created: 1024x512x0 minecraft:textures/atlas/gui.png-atlas
[16:43:10] [Render thread/WARN] (Minecraft) Shader rendertype_entity_translucent_emissive could not find sampler named Sampler2 in the specified shader program.
[16:43:17] [Render thread/INFO] (Minecraft) Stopping!
